UnityProject/Library/Bee/Android/Prj/Mono2x/Gradle/launcher/build/intermediates/manifest_merge_blame_file/release/manifest-merger-blame-release-report.txt
1<?xml version="1.0" encoding="utf-8"?>
2<manifest xmlns:android="http://schemas.android.com/apk/res/android"
3    package="com.DefaultCompany.LipSync"
4    android:installLocation="preferExternal"
5    android:versionCode="1"
6    android:versionName="0.1" >
7
8    <uses-sdk
9        android:minSdkVersion="22"
9-->src\main\AndroidManifest.xml
10        android:targetSdkVersion="30" />
10-->src\main\AndroidManifest.xml
11
12    <supports-screens
12-->src\main\AndroidManifest.xml:3:3-163
13        android:anyDensity="true"
13-->src\main\AndroidManifest.xml:3:135-160
14        android:largeScreens="true"
14-->src\main\AndroidManifest.xml:3:78-105
15        android:normalScreens="true"
15-->src\main\AndroidManifest.xml:3:49-77
16        android:smallScreens="true"
16-->src\main\AndroidManifest.xml:3:21-48
17        android:xlargeScreens="true" />
17-->src\main\AndroidManifest.xml:3:106-134
18
19    <uses-feature android:glEsVersion="0x00020000" />
19-->[:unityLibrary] AndroidManifest.xml:20:5-54
19-->[:unityLibrary] AndroidManifest.xml:20:19-51
20
21    <uses-permission android:name="android.permission.INTERNET" />
21-->[:unityLibrary] AndroidManifest.xml:22:5-67
21-->[:unityLibrary] AndroidManifest.xml:22:22-64
22    <uses-permission android:name="android.permission.RECORD_AUDIO" />
22-->[:unityLibrary] AndroidManifest.xml:23:5-71
22-->[:unityLibrary] AndroidManifest.xml:23:22-68
23
24    <uses-feature
24-->[:unityLibrary] AndroidManifest.xml:25:5-27:36
25        android:name="android.hardware.touchscreen"
25-->[:unityLibrary] AndroidManifest.xml:26:9-52
26        android:required="false" />
26-->[:unityLibrary] AndroidManifest.xml:27:9-33
27    <uses-feature
27-->[:unityLibrary] AndroidManifest.xml:28:5-30:36
28        android:name="android.hardware.touchscreen.multitouch"
28-->[:unityLibrary] AndroidManifest.xml:29:9-63
29        android:required="false" />
29-->[:unityLibrary] AndroidManifest.xml:30:9-33
30    <uses-feature
30-->[:unityLibrary] AndroidManifest.xml:31:5-33:36
31        android:name="android.hardware.touchscreen.multitouch.distinct"
31-->[:unityLibrary] AndroidManifest.xml:32:9-72
32        android:required="false" />
32-->[:unityLibrary] AndroidManifest.xml:33:9-33
33    <uses-feature
33-->[:unityLibrary] AndroidManifest.xml:34:5-36:36
34        android:name="android.hardware.vulkan.version"
34-->[:unityLibrary] AndroidManifest.xml:35:9-55
35        android:required="false" />
35-->[:unityLibrary] AndroidManifest.xml:36:9-33
36
37    <uses-permission android:name="android.permission.ACCESS_NETWORK_STATE" />
37-->[:unityLibrary] AndroidManifest.xml:38:5-79
37-->[:unityLibrary] AndroidManifest.xml:38:22-76
38
39    <application
39-->src\main\AndroidManifest.xml:4:3-83
40        android:extractNativeLibs="true"
40-->[:unityLibrary] AndroidManifest.xml:41:9-41
41        android:icon="@mipmap/app_icon"
41-->src\main\AndroidManifest.xml:4:49-80
42        android:isGame="true"
42-->[:unityLibrary] AndroidManifest.xml:43:9-30
43        android:label="@string/app_name"
43-->src\main\AndroidManifest.xml:4:16-48
44        android:theme="@style/UnityThemeSelector" >
44-->[:unityLibrary] AndroidManifest.xml:45:9-50
45        <activity
45-->[:unityLibrary] AndroidManifest.xml:46:9-67:20
46            android:name="com.unity3d.player.UnityPlayerActivity"
46-->[:unityLibrary] AndroidManifest.xml:47:13-66
47            android:configChanges="mcc|mnc|locale|touchscreen|keyboard|keyboardHidden|navigation|orientation|screenLayout|uiMode|screenSize|smallestScreenSize|fontScale|layoutDirection|density"
47-->[:unityLibrary] AndroidManifest.xml:48:13-194
48            android:hardwareAccelerated="false"
48-->[:unityLibrary] AndroidManifest.xml:49:13-48
49            android:label="@string/app_name"
49-->[:unityLibrary] AndroidManifest.xml:50:13-45
50            android:launchMode="singleTask"
50-->[:unityLibrary] AndroidManifest.xml:51:13-44
51            android:resizeableActivity="false"
51-->[:unityLibrary] AndroidManifest.xml:52:13-47
52            android:screenOrientation="fullUser" >
52-->[:unityLibrary] AndroidManifest.xml:53:13-49
53            <intent-filter>
53-->[:unityLibrary] AndroidManifest.xml:54:13-59:29
54                <action android:name="android.intent.action.MAIN" />
54-->[:unityLibrary] AndroidManifest.xml:55:17-69
54-->[:unityLibrary] AndroidManifest.xml:55:25-66
55
56                <category android:name="android.intent.category.LAUNCHER" />
56-->[:unityLibrary] AndroidManifest.xml:57:17-77
56-->[:unityLibrary] AndroidManifest.xml:57:27-74
57                <category android:name="android.intent.category.LEANBACK_LAUNCHER" />
57-->[:unityLibrary] AndroidManifest.xml:58:17-86
57-->[:unityLibrary] AndroidManifest.xml:58:27-83
58            </intent-filter>
59
60            <meta-data
60-->[:unityLibrary] AndroidManifest.xml:61:13-63:40
61                android:name="unityplayer.UnityActivity"
61-->[:unityLibrary] AndroidManifest.xml:62:17-57
62                android:value="true" />
62-->[:unityLibrary] AndroidManifest.xml:63:17-37
63            <meta-data
63-->[:unityLibrary] AndroidManifest.xml:64:13-66:40
64                android:name="android.notch_support"
64-->[:unityLibrary] AndroidManifest.xml:65:17-53
65                android:value="true" />
65-->[:unityLibrary] AndroidManifest.xml:66:17-37
66        </activity>
67
68        <meta-data
68-->[:unityLibrary] AndroidManifest.xml:69:9-71:68
69            android:name="unity.build-id"
69-->[:unityLibrary] AndroidManifest.xml:70:13-42
70            android:value="2fb9bb0a-8ad6-414c-96cb-061a8963ccf3" />
70-->[:unityLibrary] AndroidManifest.xml:71:13-65
71        <meta-data
71-->[:unityLibrary] AndroidManifest.xml:72:9-74:33
72            android:name="unity.splash-mode"
72-->[:unityLibrary] AndroidManifest.xml:73:13-45
73            android:value="0" />
73-->[:unityLibrary] AndroidManifest.xml:74:13-30
74        <meta-data
74-->[:unityLibrary] AndroidManifest.xml:75:9-77:36
75            android:name="unity.splash-enable"
75-->[:unityLibrary] AndroidManifest.xml:76:13-47
76            android:value="True" />
76-->[:unityLibrary] AndroidManifest.xml:77:13-33
77        <meta-data
77-->[:unityLibrary] AndroidManifest.xml:78:9-80:36
78            android:name="unity.launch-fullscreen"
78-->[:unityLibrary] AndroidManifest.xml:79:13-51
79            android:value="True" />
79-->[:unityLibrary] AndroidManifest.xml:80:13-33
80        <meta-data
80-->[:unityLibrary] AndroidManifest.xml:81:9-83:37
81            android:name="unity.allow-resizable-window"
81-->[:unityLibrary] AndroidManifest.xml:82:13-56
82            android:value="False" />
82-->[:unityLibrary] AndroidManifest.xml:83:13-34
83        <meta-data
83-->[:unityLibrary] AndroidManifest.xml:84:9-86:50
84            android:name="notch.config"
84-->[:unityLibrary] AndroidManifest.xml:85:13-40
85            android:value="portrait|landscape" />
85-->[:unityLibrary] AndroidManifest.xml:86:13-47
86    </application>
87
88</manifest>